npm verb cli /usr/local/bin/node /usr/local/bin/npm
npm info using npm@9.5.0
npm info using node@v18.15.0
npm verb title npm install
npm verb argv "install" "--legacy-peer-deps" "--loglevel" "verbose"
npm verb logfile logs-max:10 dir:/Users/work/.npm/_logs/2023-08-18T09_55_00_553Z-
npm verb logfile /Users/work/.npm/_logs/2023-08-18T09_55_00_553Z-debug-0.log
npm http fetch GET 200 https://registry.npmjs.org/cypress 7ms (cache hit)
npm http fetch GET 200 https://registry.npmjs.org/cypress-plugin-xhr-toggle 3ms (cache hit)
npm http fetch GET 200 https://registry.npmjs.org/cypress-real-events 3ms (cache hit)
npm http fetch GET 200 https://registry.npmjs.org/@percy%2fcli 3ms (cache hit)
npm http fetch GET 200 https://registry.npmjs.org/@percy%2fcypress 2ms (cache hit)
npm http fetch GET 200 https://registry.npmjs.org/@percy%2fcli-config 57ms (cache hit)
npm http fetch GET 200 https://registry.npmjs.org/@percy%2fcli-snapshot 59ms (cache hit)
npm http fetch GET 200 https://registry.npmjs.org/@percy%2fcli-upload 60ms (cache hit)
npm http fetch GET 200 https://registry.npmjs.org/@types%2fsinonjs__fake-timers 59ms (cache hit)
npm http fetch GET 200 https://registry.npmjs.org/@cypress%2fxvfb 60ms (cache hit)
npm http fetch GET 200 https://registry.npmjs.org/@percy%2fcli-exec 62ms (cache hit)
npm http fetch GET 200 https://registry.npmjs.org/@types%2fsizzle 61ms (cache hit)
npm http fetch GET 200 https://registry.npmjs.org/@percy%2flogger 62ms (cache hit)
npm http fetch GET 200 https://registry.npmjs.org/buffer 59ms (cache hit)
npm http fetch GET 200 https://registry.npmjs.org/check-more-types 59ms (cache hit)
npm http fetch GET 200 https://registry.npmjs.org/@cypress%2frequest 65ms (cache hit)
npm http fetch GET 200 https://registry.npmjs.org/@percy%2fsdk-utils 65ms (cache hit)
npm http fetch GET 200 https://registry.npmjs.org/@types%2fnode 66ms (cache hit)
npm http fetch GET 200 https://registry.npmjs.org/chalk 73ms (cache hit)
npm http fetch GET 200 https://registry.npmjs.org/bluebird 75ms (cache hit)
npm http fetch GET 200 https://registry.npmjs.org/arch 77ms (cache hit)
npm http fetch GET 200 https://registry.npmjs.org/commander 75ms (cache hit)
npm http fetch GET 200 https://registry.npmjs.org/dayjs 76ms (cache hit)
npm http fetch GET 200 https://registry.npmjs.org/cachedir 79ms (cache hit)
npm http fetch GET 200 https://registry.npmjs.org/blob-util 81ms (cache hit)
npm http fetch GET 200 https://registry.npmjs.org/debug 78ms (cache hit)
npm http fetch GET 200 https://registry.npmjs.org/execa 77ms (cache hit)
npm http fetch GET 200 https://registry.npmjs.org/@percy%2fclient 85ms (cache hit)
npm http fetch GET 200 https://registry.npmjs.org/eventemitter2 78ms (cache hit)
npm http fetch GET 200 https://registry.npmjs.org/extract-zip 78ms (cache hit)
npm http fetch GET 200 https://registry.npmjs.org/executable 79ms (cache hit)
npm http fetch GET 200 https://registry.npmjs.org/common-tags 80ms (cache hit)
npm http fetch GET 200 https://registry.npmjs.org/lazy-ass 76ms (cache hit)
npm http fetch GET 200 https://registry.npmjs.org/is-installed-globally 78ms (cache hit)
npm http fetch GET 200 https://registry.npmjs.org/log-symbols 75ms (cache hit)
npm http fetch GET 200 https://registry.npmjs.org/fs-extra 79ms (cache hit)
npm http fetch GET 200 https://registry.npmjs.org/figures 80ms (cache hit)
npm http fetch GET 200 https://registry.npmjs.org/lodash 77ms (cache hit)
npm http fetch GET 200 https://registry.npmjs.org/getos 80ms (cache hit)
npm http fetch GET 200 https://registry.npmjs.org/minimist 77ms (cache hit)
npm http fetch GET 200 https://registry.npmjs.org/is-ci 80ms (cache hit)
npm http fetch GET 200 https://registry.npmjs.org/ospath 77ms (cache hit)
npm http fetch GET 200 https://registry.npmjs.org/pretty-bytes 76ms (cache hit)
npm http fetch GET 200 https://registry.npmjs.org/@percy%2fcli-app 92ms (cache hit)
npm http fetch GET 200 https://registry.npmjs.org/request-progress 77ms (cache hit)
npm http fetch GET 200 https://registry.npmjs.org/@percy%2fcli-command 91ms (cache hit)
npm http fetch GET 200 https://registry.npmjs.org/semver 77ms (cache hit)
npm http fetch GET 200 https://registry.npmjs.org/@percy%2fcli-build 94ms (cache hit)
npm http fetch GET 200 https://registry.npmjs.org/proxy-from-env 79ms (cache hit)
npm http fetch GET 200 https://registry.npmjs.org/supports-color 78ms (cache hit)
npm http fetch GET 200 https://registry.npmjs.org/enquirer 86ms (cache hit)
npm http fetch GET 200 https://registry.npmjs.org/listr2 82ms (cache hit)
npm http fetch GET 200 https://registry.npmjs.org/cli-table3 91ms (cache hit)
npm http fetch GET 200 https://registry.npmjs.org/cli-cursor 92ms (cache hit)
npm http fetch GET 200 https://registry.npmjs.org/process 84ms (cache hit)
npm http fetch GET 200 https://registry.npmjs.org/yauzl 81ms (cache hit)
npm http fetch GET 200 https://registry.npmjs.org/untildify 84ms (cache hit)
npm http fetch GET 200 https://registry.npmjs.org/tmp 84ms (cache hit)
npm http fetch GET 200 https://registry.npmjs.org/prettier 82ms (cache hit)
npm http fetch GET 200 https://registry.npmjs.org/@percy%2fcore 11ms (cache hit)
npm http fetch GET 200 https://registry.npmjs.org/which 11ms (cache hit)
npm http fetch GET 200 https://registry.npmjs.org/fast-glob 11ms (cache hit)
npm http fetch GET 200 https://registry.npmjs.org/image-size 11ms (cache hit)
npm http fetch GET 200 https://registry.npmjs.org/@percy%2fenv 12ms (cache hit)
npm http fetch GET 200 https://registry.npmjs.org/yaml 13ms (cache hit)
npm http fetch GET 200 https://registry.npmjs.org/@percy%2fconfig 16ms (cache hit)
npm http fetch GET 200 https://registry.npmjs.org/cross-spawn 16ms (cache hit)
npm http fetch GET 200 https://registry.npmjs.org/cosmiconfig 7ms (cache hit)
npm http fetch GET 200 https://registry.npmjs.org/micromatch 7ms (cache hit)
npm http fetch GET 200 https://registry.npmjs.org/content-disposition 8ms (cache hit)
npm http fetch GET 200 https://registry.npmjs.org/path-to-regexp 7ms (cache hit)
npm http fetch GET 200 https://registry.npmjs.org/rimraf 9ms (cache hit)
npm http fetch GET 200 https://registry.npmjs.org/ws 10ms (cache hit)
npm http fetch GET 200 https://registry.npmjs.org/ajv 13ms (cache hit)
npm http fetch GET 200 https://registry.npmjs.org/@percy%2fdom 14ms (cache hit)
npm http fetch GET 200 https://registry.npmjs.org/mime-types 13ms (cache hit)
npm http fetch GET 200 https://registry.npmjs.org/path-key 3ms (cache hit)
npm http fetch GET 200 https://registry.npmjs.org/isexe 3ms (cache hit)
npm http fetch GET 200 https://registry.npmjs.org/shebang-command 3ms (cache hit)
npm http fetch GET 200 https://registry.npmjs.org/@nodelib%2ffs.walk 5ms (cache hit)
npm http fetch GET 200 https://registry.npmjs.org/glob-parent 6ms (cache hit)
npm http fetch GET 200 https://registry.npmjs.org/@nodelib%2ffs.stat 6ms (cache hit)
npm http fetch GET 200 https://registry.npmjs.org/merge2 6ms (cache hit)
npm http fetch GET 200 https://registry.npmjs.org/queue 6ms (cache hit)
npm http fetch GET 200 https://registry.npmjs.org/json-schema-traverse 5ms (cache hit)
npm http fetch GET 200 https://registry.npmjs.org/uri-js 6ms (cache hit)
npm http fetch GET 200 https://registry.npmjs.org/import-fresh 6ms (cache hit)
npm http fetch GET 200 https://registry.npmjs.org/require-from-string 6ms (cache hit)
npm http fetch GET 200 https://registry.npmjs.org/fast-deep-equal 7ms (cache hit)
npm http fetch GET 200 https://registry.npmjs.org/js-yaml 6ms (cache hit)
npm http fetch GET 200 https://registry.npmjs.org/path-type 7ms (cache hit)
npm http fetch GET 200 https://registry.npmjs.org/parse-json 8ms (cache hit)
npm http fetch GET 200 https://registry.npmjs.org/safe-buffer 5ms (cache hit)
npm http fetch GET 200 https://registry.npmjs.org/get-stream 6ms (cache hit)
npm http fetch GET 200 https://registry.npmjs.org/picomatch 5ms (cache hit)
npm http fetch GET 200 https://registry.npmjs.org/braces 5ms (cache hit)
npm http fetch GET 200 https://registry.npmjs.org/@types%2fyauzl 7ms (cache hit)
npm http fetch GET 200 https://registry.npmjs.org/glob 6ms (cache hit)
npm http fetch GET 200 https://registry.npmjs.org/mime-db 7ms (cache hit)
npm http fetch GET 200 https://registry.npmjs.org/punycode 2ms (cache hit)
npm http fetch GET 200 https://registry.npmjs.org/parent-module 4ms (cache hit)
npm http fetch GET 200 https://registry.npmjs.org/json-parse-even-better-errors 5ms (cache hit)
npm http fetch GET 200 https://registry.npmjs.org/argparse 5ms (cache hit)
npm http fetch GET 200 https://registry.npmjs.org/error-ex 5ms (cache hit)
npm http fetch GET 200 https://registry.npmjs.org/@babel%2fcode-frame 5ms (cache hit)
npm http fetch GET 200 https://registry.npmjs.org/resolve-from 7ms (cache hit)
npm http fetch GET 200 https://registry.npmjs.org/lines-and-columns 5ms (cache hit)
npm http fetch GET 200 https://registry.npmjs.org/shebang-regex 1ms (cache hit)
npm http fetch GET 200 https://registry.npmjs.org/aws-sign2 47ms (cache hit)
npm http fetch GET 200 https://registry.npmjs.org/extend 47ms (cache hit)
npm http fetch GET 200 https://registry.npmjs.org/caseless 47ms (cache hit)
npm http fetch GET 200 https://registry.npmjs.org/tunnel-agent 45ms (cache hit)
npm http fetch GET 200 https://registry.npmjs.org/qs 45ms (cache hit)
npm http fetch GET 200 https://registry.npmjs.org/json-stringify-safe 47ms (cache hit)
npm http fetch GET 200 https://registry.npmjs.org/http-signature 48ms (cache hit)
npm http fetch GET 200 https://registry.npmjs.org/performance-now 47ms (cache hit)
npm http fetch GET 200 https://registry.npmjs.org/isstream 48ms (cache hit)
npm http fetch GET 200 https://registry.npmjs.org/tough-cookie 47ms (cache hit)
npm http fetch GET 200 https://registry.npmjs.org/forever-agent 49ms (cache hit)
npm http fetch GET 200 https://registry.npmjs.org/uuid 47ms (cache hit)
npm http fetch GET 200 https://registry.npmjs.org/combined-stream 50ms (cache hit)
npm http fetch GET 200 https://registry.npmjs.org/lodash.once 47ms (cache hit)
npm http fetch GET 200 https://registry.npmjs.org/form-data 49ms (cache hit)
npm http fetch GET 200 https://registry.npmjs.org/string-width 45ms (cache hit)
npm http fetch GET 200 https://registry.npmjs.org/base64-js 48ms (cache hit)
npm http fetch GET 200 https://registry.npmjs.org/@colors%2fcolors 45ms (cache hit)
npm http fetch GET 200 https://registry.npmjs.org/is-typedarray 51ms (cache hit)
npm http fetch GET 200 https://registry.npmjs.org/restore-cursor 47ms (cache hit)
npm http fetch GET 200 https://registry.npmjs.org/ieee754 49ms (cache hit)
npm http fetch GET 200 https://registry.npmjs.org/strip-final-newline 44ms (cache hit)
npm http fetch GET 200 https://registry.npmjs.org/onetime 44ms (cache hit)
npm http fetch GET 200 https://registry.npmjs.org/ms 46ms (cache hit)
npm http fetch GET 200 https://registry.npmjs.org/strip-ansi 46ms (cache hit)
npm http fetch GET 200 https://registry.npmjs.org/pify 45ms (cache hit)
npm http fetch GET 200 https://registry.npmjs.org/merge-stream 46ms (cache hit)
npm http fetch GET 200 https://registry.npmjs.org/ansi-styles 49ms (cache hit)
npm http fetch GET 200 https://registry.npmjs.org/at-least-node 45ms (cache hit)
npm http fetch GET 200 https://registry.npmjs.org/escape-string-regexp 45ms (cache hit)
npm http fetch GET 200 https://registry.npmjs.org/jsonfile 45ms (cache hit)
npm http fetch GET 200 https://registry.npmjs.org/signal-exit 46ms (cache hit)
npm http fetch GET 200 https://registry.npmjs.org/graceful-fs 45ms (cache hit)
npm http fetch GET 200 https://registry.npmjs.org/ansi-colors 49ms (cache hit)
npm http fetch GET 200 https://registry.npmjs.org/universalify 46ms (cache hit)
npm http fetch GET 200 https://registry.npmjs.org/cli-truncate 45ms (cache hit)
npm http fetch GET 200 https://registry.npmjs.org/async 46ms (cache hit)
npm http fetch GET 200 https://registry.npmjs.org/log-update 45ms (cache hit)
npm http fetch GET 200 https://registry.npmjs.org/is-path-inside 48ms (cache hit)
npm http fetch GET 200 https://registry.npmjs.org/ci-info 48ms (cache hit)
npm http fetch GET 200 https://registry.npmjs.org/npm-run-path 50ms (cache hit)
npm http fetch GET 200 https://registry.npmjs.org/is-unicode-supported 46ms (cache hit)
npm http fetch GET 200 https://registry.npmjs.org/rfdc 48ms (cache hit)
npm http fetch GET 200 https://registry.npmjs.org/through 48ms (cache hit)
npm http fetch GET 200 https://registry.npmjs.org/global-dirs 49ms (cache hit)
npm http fetch GET 200 https://registry.npmjs.org/lru-cache 47ms (cache hit)
npm http fetch GET 200 https://registry.npmjs.org/aws4 61ms (cache hit)
npm http fetch GET 200 https://registry.npmjs.org/colorette 50ms (cache hit)
npm http fetch GET 200 https://registry.npmjs.org/throttleit 48ms (cache hit)
npm http fetch GET 200 https://registry.npmjs.org/rxjs 50ms (cache hit)
npm http fetch GET 200 https://registry.npmjs.org/is-stream 56ms (cache hit)
npm http fetch GET 200 https://registry.npmjs.org/buffer-crc32 50ms (cache hit)
npm http fetch GET 200 https://registry.npmjs.org/fd-slicer 50ms (cache hit)
npm http fetch GET 200 https://registry.npmjs.org/p-map 52ms (cache hit)
npm http fetch GET 200 https://registry.npmjs.org/has-flag 51ms (cache hit)
npm http fetch GET 200 https://registry.npmjs.org/wrap-ansi 52ms (cache hit)
npm http fetch GET 200 https://registry.npmjs.org/human-signals 57ms (cache hit)
npm http fetch GET 200 https://registry.npmjs.org/delayed-stream 8ms (cache hit)
npm http fetch GET 200 https://registry.npmjs.org/asynckit 8ms (cache hit)
npm http fetch GET 200 https://registry.npmjs.org/assert-plus 8ms (cache hit)
npm http fetch GET 200 https://registry.npmjs.org/side-channel 7ms (cache hit)
npm http fetch GET 200 https://registry.npmjs.org/sshpk 8ms (cache hit)
npm http fetch GET 200 https://registry.npmjs.org/jsprim 9ms (cache hit)
npm http fetch GET 200 https://registry.npmjs.org/url-parse 7ms (cache hit)
npm http fetch GET 200 https://registry.npmjs.org/psl 9ms (cache hit)
npm http fetch GET 200 https://registry.npmjs.org/color-convert 2ms (cache hit)
npm http fetch GET 200 https://registry.npmjs.org/color-name 1ms (cache hit)
npm http fetch GET 200 https://registry.npmjs.org/emoji-regex 2ms (cache hit)
npm http fetch GET 200 https://registry.npmjs.org/is-fullwidth-code-point 2ms (cache hit)
npm http fetch GET 200 https://registry.npmjs.org/ansi-regex 3ms (cache hit)
npm http fetch GET 200 https://registry.npmjs.org/mimic-fn 1ms (cache hit)
npm http fetch GET 200 https://registry.npmjs.org/pump 2ms (cache hit)
npm http fetch GET 200 https://registry.npmjs.org/is-glob 1ms (cache hit)
npm http fetch GET 200 https://registry.npmjs.org/@nodelib%2ffs.scandir 3ms (cache hit)
npm http fetch GET 200 https://registry.npmjs.org/fastq 3ms (cache hit)
npm http fetch GET 200 https://registry.npmjs.org/run-parallel 2ms (cache hit)
npm http fetch GET 200 https://registry.npmjs.org/reusify 1ms (cache hit)
npm http fetch GET 200 https://registry.npmjs.org/queue-microtask 1ms (cache hit)
npm http fetch GET 200 https://registry.npmjs.org/once 3ms (cache hit)
npm http fetch GET 200 https://registry.npmjs.org/end-of-stream 4ms (cache hit)
npm http fetch GET 200 https://registry.npmjs.org/is-extglob 1ms (cache hit)
npm http fetch GET 200 https://registry.npmjs.org/json-schema 8ms (cache hit)
npm http fetch GET 200 https://registry.npmjs.org/verror 8ms (cache hit)
npm http fetch GET 200 https://registry.npmjs.org/safer-buffer 8ms (cache hit)
npm http fetch GET 200 https://registry.npmjs.org/jsbn 8ms (cache hit)
npm http fetch GET 200 https://registry.npmjs.org/extsprintf 10ms (cache hit)
npm http fetch GET 200 https://registry.npmjs.org/asn1 9ms (cache hit)
npm http fetch GET 200 https://registry.npmjs.org/getpass 9ms (cache hit)
npm http fetch GET 200 https://registry.npmjs.org/ecc-jsbn 8ms (cache hit)
npm http fetch GET 200 https://registry.npmjs.org/bcrypt-pbkdf 8ms (cache hit)
npm http fetch GET 200 https://registry.npmjs.org/dashdash 9ms (cache hit)
npm http fetch GET 200 https://registry.npmjs.org/tweetnacl 9ms (cache hit)
npm http fetch GET 200 https://registry.npmjs.org/inherits 1ms (cache hit)
npm http fetch GET 200 https://registry.npmjs.org/callsites 1ms (cache hit)
npm http fetch GET 200 https://registry.npmjs.org/ini 1ms (cache hit)
npm http fetch GET 200 https://registry.npmjs.org/core-util-is 1ms (cache hit)
npm http fetch GET 200 https://registry.npmjs.org/ansi-escapes 6ms (cache hit)
npm http fetch GET 200 https://registry.npmjs.org/tslib 5ms (cache hit)
npm http fetch GET 200 https://registry.npmjs.org/aggregate-error 5ms (cache hit)
npm http fetch GET 200 https://registry.npmjs.org/slice-ansi 6ms (cache hit)
npm http fetch GET 200 https://registry.npmjs.org/slice-ansi 6ms (cache hit)
npm http fetch GET 200 https://registry.npmjs.org/astral-regex 1ms (cache hit)
npm http fetch GET 200 https://registry.npmjs.org/type-fest 1ms (cache hit)
npm http fetch GET 200 https://registry.npmjs.org/fill-range 2ms (cache hit)
npm http fetch GET 200 https://registry.npmjs.org/to-regex-range 1ms (cache hit)
npm http fetch GET 200 https://registry.npmjs.org/is-number 1ms (cache hit)
npm http fetch GET 200 https://registry.npmjs.org/indent-string 3ms (cache hit)
npm http fetch GET 200 https://registry.npmjs.org/clean-stack 3ms (cache hit)
npm http fetch GET 200 https://registry.npmjs.org/is-arrayish 2ms (cache hit)
npm http fetch GET 200 https://registry.npmjs.org/@babel%2fhighlight 2ms (cache hit)
npm http fetch GET 200 https://registry.npmjs.org/js-tokens 2ms (cache hit)
npm http fetch GET 200 https://registry.npmjs.org/@babel%2fhelper-validator-identifier 3ms (cache hit)
npm http fetch GET 200 https://registry.npmjs.org/wrappy 1ms (cache hit)
npm http fetch GET 200 https://registry.npmjs.org/get-intrinsic 3ms (cache hit)
npm http fetch GET 200 https://registry.npmjs.org/call-bind 4ms (cache hit)
npm http fetch GET 200 https://registry.npmjs.org/object-inspect 4ms (cache hit)
npm http fetch GET 200 https://registry.npmjs.org/inflight 2ms (cache hit)
npm http fetch GET 200 https://registry.npmjs.org/path-is-absolute 3ms (cache hit)
npm http fetch GET 200 https://registry.npmjs.org/fs.realpath 3ms (cache hit)
npm http fetch GET 200 https://registry.npmjs.org/minimatch 3ms (cache hit)
npm http fetch GET 200 https://registry.npmjs.org/brace-expansion 1ms (cache hit)
npm http fetch GET 200 https://registry.npmjs.org/concat-map 2ms (cache hit)
npm http fetch GET 200 https://registry.npmjs.org/balanced-match 2ms (cache hit)
npm http fetch GET 200 https://registry.npmjs.org/yallist 2ms (cache hit)
npm http fetch GET 200 https://registry.npmjs.org/has 2ms (cache hit)
npm http fetch GET 200 https://registry.npmjs.org/has-proto 2ms (cache hit)
npm http fetch GET 200 https://registry.npmjs.org/function-bind 4ms (cache hit)
npm http fetch GET 200 https://registry.npmjs.org/has-symbols 3ms (cache hit)
npm http fetch GET 200 https://registry.npmjs.org/requires-port 3ms (cache hit)
npm http fetch GET 200 https://registry.npmjs.org/querystringify 4ms (cache hit)
npm http fetch GET 200 https://registry.npmjs.org/pend 2ms (cache hit)
npm http fetch POST 200 https://registry.npmjs.org/-/npm/v1/security/advisories/bulk 559ms
npm info run @percy/core@1.26.3 postinstall node_modules/@percy/core node ./post-install
npm info run cypress@12.17.4 postinstall node_modules/cypress node index.js --exec install
npm info run @percy/core@1.26.3 postinstall { code: 0, signal: null }
npm info run cypress@12.17.4 postinstall { code: 0, signal: null }

added 255 packages, and audited 256 packages in 2s

44 packages are looking for funding
  run `npm fund` for details

2 moderate severity vulnerabilities

To address all issues (including breaking changes), run:
  npm audit fix --force

Run `npm audit` for details.
npm verb exit 0
npm info ok 
